2015-10-10 21:21:23,633 TRACE c.Compta [main] reading run properties
2015-10-10 21:21:23,638 TRACE c.Compta [main] Saving new run properties file
2015-10-10 21:28:09,386 TRACE c.Compta [main] reading run properties
2015-10-10 21:28:09,389 TRACE c.Compta [main] Saving new run properties file
2015-10-10 21:28:24,784 TRACE c.CategorieController [AWT-EventQueue-0] Insert new Categorie
2015-10-18 19:44:14,574 TRACE c.Compta [main] reading run properties
2015-10-18 19:44:14,574 TRACE c.Compta [main] Saving new run properties file
2015-10-18 19:51:12,338 TRACE c.Compta [main] reading run properties
2015-10-18 19:51:12,354 TRACE c.Compta [main] Saving new run properties file
2015-11-02 22:21:14,068 TRACE c.Compta [main] reading run properties
2015-11-02 22:21:14,836 TRACE c.Compta [main] Saving new run properties file
2015-11-02 22:22:00,070 TRACE c.Compta [main] reading run properties
2015-11-02 22:22:00,074 TRACE c.Compta [main] Saving new run properties file
2015-11-02 22:28:51,996 TRACE c.Compta [main] reading run properties
2015-11-02 22:28:52,000 TRACE c.Compta [main] Saving new run properties file
2015-11-02 22:32:12,316 TRACE c.Compta [main] reading run properties
2015-11-02 22:32:12,316 TRACE c.Compta [main] Saving new run properties file
2015-11-02 22:44:28,064 TRACE c.Compta [main] reading run properties
2015-11-02 22:44:28,080 TRACE c.Compta [main] Saving new run properties file
2015-11-02 22:44:39,329 TRACE c.Compta [main] reading run properties
2015-11-02 22:44:39,329 TRACE c.Compta [main] Saving new run properties file
2015-11-02 22:54:03,540 TRACE c.Compta [main] reading run properties
2015-11-02 22:54:03,540 TRACE c.Compta [main] Saving new run properties file
2015-11-02 22:55:52,053 TRACE c.Compta [main] reading run properties
2015-11-02 22:55:52,070 TRACE c.Compta [main] Saving new run properties file
2015-11-02 22:57:16,306 TRACE c.Compta [main] reading run properties
2015-11-02 22:57:16,321 TRACE c.Compta [main] Saving new run properties file
2015-11-02 22:57:34,964 TRACE c.Compta [main] reading run properties
2015-11-02 22:57:34,964 TRACE c.Compta [main] Saving new run properties file
2015-11-02 22:57:44,733 TRACE c.Compta [main] reading run properties
2015-11-02 22:57:44,750 TRACE c.Compta [main] Saving new run properties file
2015-11-02 23:01:31,433 TRACE c.Compta [main] reading run properties
2015-11-02 23:01:31,433 TRACE c.Compta [main] Saving new run properties file
2015-11-02 23:11:08,067 TRACE c.Compta [main] reading run properties
2015-11-02 23:11:08,082 TRACE c.Compta [main] Saving new run properties file
2015-11-02 23:11:36,670 TRACE c.Compta [main] reading run properties
2015-11-02 23:11:36,670 TRACE c.Compta [main] Saving new run properties file
2015-11-02 23:11:55,522 TRACE c.Compta [main] reading run properties
2015-11-02 23:11:55,538 TRACE c.Compta [main] Saving new run properties file
2015-11-02 23:12:03,029 TRACE c.Compta [main] reading run properties
2015-11-02 23:12:03,029 TRACE c.Compta [main] Saving new run properties file
2015-11-02 23:12:50,659 TRACE c.Compta [main] reading run properties
2015-11-02 23:12:50,659 TRACE c.Compta [main] Saving new run properties file
2015-11-02 23:13:28,580 TRACE c.Compta [main] reading run properties
2015-11-02 23:13:28,596 TRACE c.Compta [main] Saving new run properties file
2015-11-02 23:14:04,109 TRACE c.Compta [main] reading run properties
2015-11-02 23:14:04,109 TRACE c.Compta [main] Saving new run properties file
2015-11-02 23:14:24,844 TRACE c.Compta [main] reading run properties
2015-11-02 23:14:24,847 TRACE c.Compta [main] Saving new run properties file
2015-11-02 23:15:23,978 TRACE c.Compta [main] reading run properties
2015-11-02 23:15:23,981 TRACE c.Compta [main] Saving new run properties file
2015-11-02 23:15:42,323 TRACE c.Compta [main] reading run properties
2015-11-02 23:15:42,323 TRACE c.Compta [main] Saving new run properties file
2015-11-02 23:16:47,897 TRACE c.Compta [main] reading run properties
2015-11-02 23:16:47,897 TRACE c.Compta [main] Saving new run properties file
2015-11-02 23:17:11,535 TRACE c.Compta [main] reading run properties
2015-11-02 23:17:11,535 TRACE c.Compta [main] Saving new run properties file
2015-11-02 23:17:59,031 TRACE c.Compta [main] reading run properties
2015-11-02 23:17:59,034 TRACE c.Compta [main] Saving new run properties file
2015-11-02 23:18:10,740 TRACE c.Compta [main] reading run properties
2015-11-02 23:18:10,744 TRACE c.Compta [main] Saving new run properties file
2015-11-02 23:19:17,476 TRACE c.Compta [main] reading run properties
2015-11-02 23:19:17,476 TRACE c.Compta [main] Saving new run properties file
2015-11-02 23:20:29,105 TRACE c.Compta [main] reading run properties
2015-11-02 23:20:29,105 TRACE c.Compta [main] Saving new run properties file
2015-11-02 23:20:46,444 TRACE c.Compta [main] reading run properties
2015-11-02 23:20:46,460 TRACE c.Compta [main] Saving new run properties file
2015-11-02 23:21:07,336 TRACE c.Compta [main] reading run properties
2015-11-02 23:21:07,352 TRACE c.Compta [main] Saving new run properties file
2015-11-02 23:21:34,715 TRACE c.Compta [main] reading run properties
2015-11-02 23:21:34,730 TRACE c.Compta [main] Saving new run properties file
2015-11-02 23:21:48,672 TRACE c.Compta [main] reading run properties
2015-11-02 23:21:48,672 TRACE c.Compta [main] Saving new run properties file
2015-11-02 23:22:21,718 TRACE c.Compta [main] reading run properties
2015-11-02 23:22:21,718 TRACE c.Compta [main] Saving new run properties file
2015-11-04 13:07:06,959 TRACE c.Compta [main] reading run properties
2015-11-04 13:07:06,959 TRACE c.Compta [main] Saving new run properties file
2015-11-04 13:07:15,787 INFO c.OptionsController [AWT-EventQueue-0] Options properties file doesn't exist
options.properties (Le fichier spécifié est introuvable)
options.properties (Le fichier spécifié est introuvable)
2015-11-04 13:07:15,787 INFO c.OptionsController [AWT-EventQueue-0] Options properties don't exist
2015-11-04 13:17:39,509 TRACE c.Compta [main] reading run properties
2015-11-04 13:17:39,513 TRACE c.Compta [main] Saving new run properties file
2015-11-04 13:17:39,692 INFO d.Connect [main] Options properties file doesn't exit
options.properties (Le fichier spécifié est introuvable)
options.properties (Le fichier spécifié est introuvable)
2015-11-04 13:26:04,098 TRACE c.Compta [main] reading run properties
2015-11-04 13:26:04,102 TRACE c.Compta [main] Saving new run properties file
2015-11-04 13:26:04,271 INFO d.Connect [main] Options properties file doesn't exit
options.properties (Le fichier spécifié est introuvable)
options.properties (Le fichier spécifié est introuvable)
2015-11-04 13:26:06,269 INFO c.OptionsController [main] Options properties file doesn't exist
options.properties (Le fichier spécifié est introuvable)
options.properties (Le fichier spécifié est introuvable)
2015-11-04 13:26:06,269 INFO c.OptionsController [main] Options properties don't exist
2015-11-04 13:26:30,982 TRACE c.Compta [main] reading run properties
2015-11-04 13:26:30,986 TRACE c.Compta [main] Saving new run properties file
2015-11-04 13:26:31,150 INFO d.Connect [main] Options properties file doesn't exit
options.properties (Le fichier spécifié est introuvable)
options.properties (Le fichier spécifié est introuvable)
2015-11-04 13:26:36,557 INFO c.OptionsController [main] Options properties file doesn't exist
options.properties (Le fichier spécifié est introuvable)
options.properties (Le fichier spécifié est introuvable)
2015-11-04 13:26:36,557 INFO c.OptionsController [main] Options properties don't exist
2015-11-04 13:33:35,907 TRACE c.Compta [main] reading run properties
2015-11-04 13:33:35,907 TRACE c.Compta [main] Saving new run properties file
2015-11-04 13:33:36,079 INFO d.Connect [main] Options properties file doesn't exit
options.properties (Le fichier spécifié est introuvable)
options.properties (Le fichier spécifié est introuvable)
2015-11-04 13:33:40,472 INFO c.OptionsController [main] Options properties file doesn't exist
options.properties (Le fichier spécifié est introuvable)
options.properties (Le fichier spécifié est introuvable)
2015-11-04 13:33:40,472 INFO c.OptionsController [main] Options properties don't exist
2015-11-04 13:33:50,525 TRACE c.OptionsController [AWT-EventQueue-0] Saving new options properties file
2015-11-04 13:33:54,134 TRACE d.Connect [AWT-EventQueue-0] reading options properties
2015-11-11 16:37:33,612 TRACE c.Compta [main] reading run properties
2015-11-11 16:37:33,612 TRACE c.Compta [main] Saving new run properties file
2015-11-11 16:37:34,189 TRACE d.Connect [main] reading options properties
2015-11-11 16:43:24,166 TRACE c.Compta [main] reading run properties
2015-11-11 16:43:24,183 TRACE c.Compta [main] Saving new run properties file
2015-11-11 16:43:24,356 INFO d.Connect [main] Options properties file doesn't exit
options.properties (Le fichier spécifié est introuvable)
options.properties (Le fichier spécifié est introuvable)
2015-11-11 16:43:25,955 INFO c.OptionsController [main] Options properties file doesn't exist
options.properties (Le fichier spécifié est introuvable)
options.properties (Le fichier spécifié est introuvable)
2015-11-11 16:43:25,955 INFO c.OptionsController [main] Options properties don't exist
2015-11-11 16:45:12,992 TRACE c.OptionsController [AWT-EventQueue-0] Saving new options properties file
2015-11-11 16:45:16,638 TRACE d.Connect [AWT-EventQueue-0] reading options properties
2015-11-11 17:06:34,235 TRACE c.Compta [main] reading run properties
2015-11-11 17:06:34,251 TRACE c.Compta [main] Saving new run properties file
2015-11-11 17:06:34,438 TRACE d.Connect [main] reading options properties
2015-11-11 17:07:24,865 INFO d.Connect [AWT-EventQueue-0] java.sql.SQLException: Must specify port after ':' in connection string
2015-11-11 17:08:21,923 TRACE c.Compta [main] reading run properties
2015-11-11 17:08:21,927 TRACE c.Compta [main] Saving new run properties file
2015-11-11 17:08:22,327 TRACE d.Connect [main] reading options properties
2015-11-11 17:09:25,020 INFO d.Connect [AWT-EventQueue-0] java.sql.SQLException: Must specify port after ':' in connection string
2015-11-11 17:11:39,306 TRACE c.Compta [main] reading run properties
2015-11-11 17:11:39,306 TRACE c.Compta [main] Saving new run properties file
2015-11-11 17:11:39,509 TRACE d.Connect [main] reading options properties
2015-11-11 17:12:07,907 INFO d.Connect [AWT-EventQueue-0] Problème de connection à la base :  -  -  -  - 
2015-11-11 17:12:36,649 TRACE d.Connect [AWT-EventQueue-0] reading options properties
2015-11-11 17:14:02,711 TRACE c.Compta [main] reading run properties
2015-11-11 17:14:02,727 TRACE c.Compta [main] Saving new run properties file
2015-11-11 17:14:02,937 TRACE d.Connect [main] reading options properties
2015-11-11 17:15:10,278 TRACE c.Compta [main] reading run properties
2015-11-11 17:15:10,278 TRACE c.Compta [main] Saving new run properties file
2015-11-11 17:15:10,512 TRACE d.Connect [main] reading options properties
2015-11-11 17:16:21,476 TRACE c.Compta [main] reading run properties
2015-11-11 17:16:21,476 TRACE c.Compta [main] Saving new run properties file
2015-11-11 17:16:21,679 TRACE d.Connect [main] reading options properties
2015-11-11 17:17:32,557 INFO d.Connect [AWT-EventQueue-0] Problème de connection à la base : 127.0.0.1 - 3306 - compta - root - 
2015-11-11 17:17:54,439 TRACE d.Connect [AWT-EventQueue-0] reading options properties
2015-11-11 17:19:13,080 TRACE c.Compta [main] reading run properties
2015-11-11 17:19:13,095 TRACE c.Compta [main] Saving new run properties file
2015-11-11 17:19:13,267 TRACE d.Connect [main] reading options properties
2015-11-11 17:22:27,690 TRACE c.Compta [main] reading run properties
2015-11-11 17:22:27,694 TRACE c.Compta [main] Saving new run properties file
2015-11-11 17:22:27,876 TRACE d.Connect [main] reading options properties
2015-11-11 17:22:31,680 TRACE d.Connect [AWT-EventQueue-0] reading options properties
2015-11-11 17:23:04,772 TRACE c.Compta [main] reading run properties
2015-11-11 17:23:04,772 TRACE c.Compta [main] Saving new run properties file
2015-11-11 17:23:04,944 TRACE d.Connect [main] reading options properties
2015-11-11 17:23:39,686 TRACE c.Compta [main] reading run properties
2015-11-11 17:23:39,701 TRACE c.Compta [main] Saving new run properties file
2015-11-11 17:23:39,879 TRACE d.Connect [main] reading options properties
2015-11-11 17:23:42,439 TRACE d.Connect [AWT-EventQueue-0] reading options properties
2015-11-11 17:23:57,493 TRACE d.Connect [AWT-EventQueue-0] reading options properties
2015-11-11 17:23:57,602 TRACE c.CategorieController [AWT-EventQueue-0] Insert new Categorie
2015-11-11 17:23:57,602 TRACE d.Connect [AWT-EventQueue-0] reading options properties
